2026-07-03 18:52:38,518 - BA.BARatePages - INFO - Company 'CW': 20 tables
2026-07-03 18:52:38,577 - BA.BARatePages - INFO - Company 'NGIC': 20 tables
2026-07-03 18:52:38,577 - BA.BARatePages - INFO - Skipping 'NACO' — ratebook not provided.
2026-07-03 18:52:38,578 - BA.BARatePages - INFO - Company 'NACO': skipped
2026-07-03 18:52:38,578 - BA.BARatePages - INFO - Skipping 'NAFF' — ratebook not provided.
2026-07-03 18:52:38,578 - BA.BARatePages - INFO - Company 'NAFF': skipped
2026-07-03 18:52:38,578 - BA.BARatePages - INFO - Skipping 'NICOF' — ratebook not provided.
2026-07-03 18:52:38,578 - BA.BARatePages - INFO - Company 'NICOF': skipped
2026-07-03 18:52:38,578 - BA.BARatePages - INFO - Skipping 'HICNJ' — ratebook not provided.
2026-07-03 18:52:38,578 - BA.BARatePages - INFO - Company 'HICNJ': skipped
2026-07-03 18:52:38,578 - BA.BARatePages - INFO - Skipping 'MM' — ratebook not provided.
2026-07-03 18:52:38,578 - BA.BARatePages - INFO - Company 'MM': skipped
2026-07-03 18:53:03,510 - BA.BARatePages - INFO - Company 'CW': 20 tables
2026-07-03 18:53:03,561 - BA.BARatePages - INFO - Company 'NGIC': 20 tables
2026-07-03 18:53:03,561 - BA.BARatePages - INFO - Skipping 'NACO' — ratebook not provided.
2026-07-03 18:53:03,562 - BA.BARatePages - INFO - Company 'NACO': skipped
2026-07-03 18:53:03,562 - BA.BARatePages - INFO - Skipping 'NAFF' — ratebook not provided.
2026-07-03 18:53:03,562 - BA.BARatePages - INFO - Company 'NAFF': skipped
2026-07-03 18:53:03,562 - BA.BARatePages - INFO - Skipping 'NICOF' — ratebook not provided.
2026-07-03 18:53:03,562 - BA.BARatePages - INFO - Company 'NICOF': skipped
2026-07-03 18:53:03,562 - BA.BARatePages - INFO - Skipping 'HICNJ' — ratebook not provided.
2026-07-03 18:53:03,562 - BA.BARatePages - INFO - Company 'HICNJ': skipped
2026-07-03 18:53:03,562 - BA.BARatePages - INFO - Skipping 'MM' — ratebook not provided.
2026-07-03 18:53:03,562 - BA.BARatePages - INFO - Company 'MM': skipped
2026-07-06 15:21:34,429 - BA.BARatePages - INFO - Company 'CW': 20 tables
2026-07-06 15:21:34,477 - BA.BARatePages - INFO - Company 'NGIC': 20 tables
2026-07-06 15:21:34,478 - BA.BARatePages - INFO - Skipping 'NACO' — ratebook not provided.
2026-07-06 15:21:34,478 - BA.BARatePages - INFO - Company 'NACO': skipped
2026-07-06 15:21:34,478 - BA.BARatePages - INFO - Skipping 'NAFF' — ratebook not provided.
2026-07-06 15:21:34,478 - BA.BARatePages - INFO - Company 'NAFF': skipped
2026-07-06 15:21:34,478 - BA.BARatePages - INFO - Skipping 'NICOF' — ratebook not provided.
2026-07-06 15:21:34,478 - BA.BARatePages - INFO - Company 'NICOF': skipped
2026-07-06 15:21:34,478 - BA.BARatePages - INFO - Skipping 'HICNJ' — ratebook not provided.
2026-07-06 15:21:34,478 - BA.BARatePages - INFO - Company 'HICNJ': skipped
2026-07-06 15:21:34,478 - BA.BARatePages - INFO - Skipping 'MM' — ratebook not provided.
2026-07-06 15:21:34,478 - BA.BARatePages - INFO - Company 'MM': skipped
2026-07-06 16:31:36,578 - BA.BARatePages - INFO - Company 'CW': 20 tables
2026-07-06 16:31:36,627 - BA.BARatePages - INFO - Company 'NGIC': 20 tables
2026-07-06 16:31:36,627 - BA.BARatePages - INFO - Skipping 'NACO' — ratebook not provided.
2026-07-06 16:31:36,627 - BA.BARatePages - INFO - Company 'NACO': skipped
2026-07-06 16:31:36,627 - BA.BARatePages - INFO - Skipping 'NAFF' — ratebook not provided.
2026-07-06 16:31:36,627 - BA.BARatePages - INFO - Company 'NAFF': skipped
2026-07-06 16:31:36,627 - BA.BARatePages - INFO - Skipping 'NICOF' — ratebook not provided.
2026-07-06 16:31:36,627 - BA.BARatePages - INFO - Company 'NICOF': skipped
2026-07-06 16:31:36,627 - BA.BARatePages - INFO - Skipping 'HICNJ' — ratebook not provided.
2026-07-06 16:31:36,627 - BA.BARatePages - INFO - Company 'HICNJ': skipped
2026-07-06 16:31:36,627 - BA.BARatePages - INFO - Skipping 'MM' — ratebook not provided.
2026-07-06 16:31:36,627 - BA.BARatePages - INFO - Company 'MM': skipped
2026-07-06 16:31:39,300 - BA.BARatePages - INFO - Company 'CW': 20 tables
2026-07-06 16:31:39,347 - BA.BARatePages - INFO - Company 'NGIC': 20 tables
2026-07-06 16:31:39,347 - BA.BARatePages - INFO - Skipping 'NACO' — ratebook not provided.
2026-07-06 16:31:39,347 - BA.BARatePages - INFO - Company 'NACO': skipped
2026-07-06 16:31:39,347 - BA.BARatePages - INFO - Skipping 'NAFF' — ratebook not provided.
2026-07-06 16:31:39,347 - BA.BARatePages - INFO - Company 'NAFF': skipped
2026-07-06 16:31:39,347 - BA.BARatePages - INFO - Skipping 'NICOF' — ratebook not provided.
2026-07-06 16:31:39,347 - BA.BARatePages - INFO - Company 'NICOF': skipped
2026-07-06 16:31:39,347 - BA.BARatePages - INFO - Skipping 'HICNJ' — ratebook not provided.
2026-07-06 16:31:39,347 - BA.BARatePages - INFO - Company 'HICNJ': skipped
2026-07-06 16:31:39,347 - BA.BARatePages - INFO - Skipping 'MM' — ratebook not provided.
2026-07-06 16:31:39,347 - BA.BARatePages - INFO - Company 'MM': skipped
2026-07-06 16:49:24,620 - BA.BARatePages - WARNING - Could not load ratebook: [Errno 2] No such file or directory: 'some_fake_path.xlsx'
2026-07-06 16:49:34,965 - BA.BARatePages - WARNING - Could not load ratebook: [Errno 2] No such file or directory: 'M:\\Actshare\\Com\\BOP\\CW Ratebook\\BOP CW Ratebook.xlsx'
